
2024/02/10 (00:52:31) | ===> btop++ v.1.2.13
2024/02/10 (00:52:31) | INFO: Logger set to INFO
2024/02/10 (00:52:33) | INFO: Logger set to DEBUG
2024/02/10 (00:52:38) | INFO: Logger set to INFO
2024/02/10 (00:52:40) | INFO: Logger set to INFO
2024/02/10 (00:52:41) | INFO: Logger set to DEBUG
2024/02/10 (00:52:41) | INFO: Logger set to DEBUG
2024/02/10 (00:52:46) | DEBUG: Loading theme file: /usr/local/Cellar/btop/1.2.13/share/btop/themes/tomorrow-night.theme
2024/02/10 (00:52:47) | DEBUG: Loading theme file: /usr/local/Cellar/btop/1.2.13/share/btop/themes/tomorrow-night.theme
2024/02/10 (00:52:48) | DEBUG: Loading theme file: /usr/local/Cellar/btop/1.2.13/share/btop/themes/solarized_dark.theme
2024/02/10 (00:52:48) | DEBUG: Loading theme file: /usr/local/Cellar/btop/1.2.13/share/btop/themes/gruvbox_dark_v2.theme
2024/02/10 (00:52:49) | DEBUG: Loading theme file: /usr/local/Cellar/btop/1.2.13/share/btop/themes/elementarish.theme
2024/02/10 (00:52:49) | DEBUG: Loading theme file: /usr/local/Cellar/btop/1.2.13/share/btop/themes/HotPurpleTrafficLight.theme
2024/02/10 (00:52:50) | DEBUG: Loading theme file: /usr/local/Cellar/btop/1.2.13/share/btop/themes/onedark.theme
2024/02/10 (00:52:50) | DEBUG: Loading theme file: /usr/local/Cellar/btop/1.2.13/share/btop/themes/flat-remix-light.theme
2024/02/10 (00:52:51) | DEBUG: Loading theme file: /usr/local/Cellar/btop/1.2.13/share/btop/themes/everforest-dark-hard.theme
2024/02/10 (00:52:51) | DEBUG: Loading theme file: /usr/local/Cellar/btop/1.2.13/share/btop/themes/whiteout.theme
2024/02/10 (00:52:52) | DEBUG: Loading theme file: /usr/local/Cellar/btop/1.2.13/share/btop/themes/kyli0x.theme
2024/02/10 (00:52:52) | DEBUG: Loading theme file: /usr/local/Cellar/btop/1.2.13/share/btop/themes/dusklight.theme
2024/02/10 (00:52:53) | DEBUG: Loading theme file: /usr/local/Cellar/btop/1.2.13/share/btop/themes/adapta.theme
2024/02/10 (00:52:53) | DEBUG: Loading theme file: /usr/local/Cellar/btop/1.2.13/share/btop/themes/gruvbox_material_dark.theme
2024/02/10 (00:52:55) | DEBUG: Loading theme file: /usr/local/Cellar/btop/1.2.13/share/btop/themes/matcha-dark-sea.theme
2024/02/10 (00:52:56) | DEBUG: Loading theme file: /usr/local/Cellar/btop/1.2.13/share/btop/themes/gruvbox_dark.theme
2024/02/10 (00:52:56) | DEBUG: Loading theme file: /usr/local/Cellar/btop/1.2.13/share/btop/themes/paper.theme
2024/02/10 (00:52:57) | DEBUG: Loading theme file: /usr/local/Cellar/btop/1.2.13/share/btop/themes/ayu.theme
2024/02/10 (00:52:58) | DEBUG: Loading theme file: /usr/local/Cellar/btop/1.2.13/share/btop/themes/flat-remix.theme
2024/02/10 (00:53:01) | DEBUG: Loading theme file: /usr/local/Cellar/btop/1.2.13/share/btop/themes/flat-remix.theme
2024/02/10 (00:53:02) | DEBUG: Loading theme file: /usr/local/Cellar/btop/1.2.13/share/btop/themes/flat-remix.theme
2024/02/10 (00:53:03) | DEBUG: Loading theme file: /usr/local/Cellar/btop/1.2.13/share/btop/themes/flat-remix.theme
2024/02/10 (00:53:04) | DEBUG: Loading theme file: /usr/local/Cellar/btop/1.2.13/share/btop/themes/flat-remix.theme
2024/02/10 (00:53:05) | DEBUG: Loading theme file: /usr/local/Cellar/btop/1.2.13/share/btop/themes/tokyo-storm.theme
2024/02/10 (00:53:06) | DEBUG: Loading theme file: /usr/local/Cellar/btop/1.2.13/share/btop/themes/tokyo-storm.theme
2024/02/10 (00:53:08) | DEBUG: Loading theme file: /usr/local/Cellar/btop/1.2.13/share/btop/themes/night-owl.theme
2024/02/10 (00:53:10) | DEBUG: Loading theme file: /usr/local/Cellar/btop/1.2.13/share/btop/themes/monokai.theme
2024/02/10 (00:53:11) | DEBUG: Loading theme file: /usr/local/Cellar/btop/1.2.13/share/btop/themes/nord.theme
2024/02/10 (00:53:12) | DEBUG: Loading theme file: /usr/local/Cellar/btop/1.2.13/share/btop/themes/monokai.theme
2024/02/10 (00:53:12) | DEBUG: Loading theme file: /usr/local/Cellar/btop/1.2.13/share/btop/themes/nord.theme
2024/02/10 (00:53:13) | DEBUG: Loading theme file: /usr/local/Cellar/btop/1.2.13/share/btop/themes/monokai.theme
2024/02/10 (00:53:13) | DEBUG: Loading theme file: /usr/local/Cellar/btop/1.2.13/share/btop/themes/nord.theme
2024/02/10 (00:54:11) | DEBUG: Loading theme file: /usr/local/Cellar/btop/1.2.13/share/btop/themes/dracula.theme
2024/02/10 (00:54:12) | DEBUG: Loading theme file: /usr/local/Cellar/btop/1.2.13/share/btop/themes/greyscale.theme
2024/02/10 (00:54:12) | DEBUG: Loading theme file: /usr/local/Cellar/btop/1.2.13/share/btop/themes/solarized_light.theme
2024/02/10 (00:54:13) | DEBUG: Loading theme file: /usr/local/Cellar/btop/1.2.13/share/btop/themes/tokyo-night.theme
2024/02/10 (00:54:14) | DEBUG: Loading theme file: /usr/local/Cellar/btop/1.2.13/share/btop/themes/tokyo-night.theme
2024/02/10 (00:54:15) | DEBUG: Loading theme file: /usr/local/Cellar/btop/1.2.13/share/btop/themes/tokyo-night.theme
2024/02/10 (00:54:19) | DEBUG: Loading theme file: /usr/local/Cellar/btop/1.2.13/share/btop/themes/tomorrow-night.theme
2024/02/10 (00:54:50) | DEBUG: Loading theme file: /usr/local/Cellar/btop/1.2.13/share/btop/themes/tomorrow-night.theme
2024/02/10 (00:54:50) | DEBUG: Loading theme file: /usr/local/Cellar/btop/1.2.13/share/btop/themes/solarized_dark.theme
2024/02/10 (00:54:52) | DEBUG: Loading theme file: /usr/local/Cellar/btop/1.2.13/share/btop/themes/gruvbox_dark_v2.theme
2024/02/10 (00:54:53) | DEBUG: Loading theme file: /usr/local/Cellar/btop/1.2.13/share/btop/themes/elementarish.theme
2024/02/10 (00:54:53) | DEBUG: Loading theme file: /usr/local/Cellar/btop/1.2.13/share/btop/themes/HotPurpleTrafficLight.theme
